This file contains any messages produced by compilers while
running configure, to aid debugging if configure makes a mistake.

It was created by Ginga configure UNKNOWN, which was
generated by GNU Autoconf 2.69.  Invocation command line was

  $ ./configure 

## --------- ##
## Platform. ##
## --------- ##

hostname = marina-pc
uname -m = x86_64
uname -r = 4.18.0-25-generic
uname -s = Linux
uname -v = #26-Ubuntu SMP Mon Jun 24 09:32:08 UTC 2019

/usr/bin/uname -p = unknown
/bin/uname -X     = unknown

/bin/arch              = unknown
/usr/bin/arch -k       = unknown
/usr/convex/getsysinfo = unknown
/usr/bin/hostinfo      = unknown
/bin/machine           = unknown
/usr/bin/oslevel       = unknown
/bin/universe          = unknown

PATH: /usr/local/sbin
PATH: /usr/local/bin
PATH: /usr/sbin
PATH: /usr/bin
PATH: /sbin
PATH: /bin
PATH: /usr/games
PATH: /usr/local/games
PATH: /snap/bin


## ----------- ##
## Core tests. ##
## ----------- ##

configure:2905: checking for gcc
configure:2921: found /usr/bin/gcc
configure:2932: result: gcc
configure:3161: checking for C compiler version
configure:3170: gcc --version >&5
gcc (Ubuntu 8.3.0-6ubuntu1~18.10.1) 8.3.0
Copyright (C) 2018 Free Software Foundation, Inc.
This is free software; see the source for copying conditions.  There is NO
warranty; not even for MERCHANTABILITY or FITNESS FOR A PARTICULAR PURPOSE.

configure:3181: $? = 0
configure:3170: gcc -v >&5
Using built-in specs.
COLLECT_GCC=gcc
COLLECT_LTO_WRAPPER=/usr/lib/gcc/x86_64-linux-gnu/8/lto-wrapper
OFFLOAD_TARGET_NAMES=nvptx-none
OFFLOAD_TARGET_DEFAULT=1
Target: x86_64-linux-gnu
Configured with: ../src/configure -v --with-pkgversion='Ubuntu 8.3.0-6ubuntu1~18.10.1' --with-bugurl=file:///usr/share/doc/gcc-8/README.Bugs --enable-languages=c,ada,c++,go,brig,d,fortran,objc,obj-c++ --prefix=/usr --with-gcc-major-version-only --program-suffix=-8 --program-prefix=x86_64-linux-gnu- --enable-shared --enable-linker-build-id --libexecdir=/usr/lib --without-included-gettext --enable-threads=posix --libdir=/usr/lib --enable-nls --enable-bootstrap --enable-clocale=gnu --enable-libstdcxx-debug --enable-libstdcxx-time=yes --with-default-libstdcxx-abi=new --enable-gnu-unique-object --disable-vtable-verify --enable-libmpx --enable-plugin --enable-default-pie --with-system-zlib --with-target-system-zlib --enable-objc-gc=auto --enable-multiarch --disable-werror --with-arch-32=i686 --with-abi=m64 --with-multilib-list=m32,m64,mx32 --enable-multilib --with-tune=generic --enable-offload-targets=nvptx-none --without-cuda-driver --enable-checking=release --build=x86_64-linux-gnu --host=x86_64-linux-gnu --target=x86_64-linux-gnu
Thread model: posix
gcc version 8.3.0 (Ubuntu 8.3.0-6ubuntu1~18.10.1) 
configure:3181: $? = 0
configure:3170: gcc -V >&5
gcc: error: unrecognized command line option '-V'
gcc: fatal error: no input files
compilation terminated.
configure:3181: $? = 1
configure:3170: gcc -qversion >&5
gcc: error: unrecognized command line option '-qversion'; did you mean '--version'?
gcc: fatal error: no input files
compilation terminated.
configure:3181: $? = 1
configure:3201: checking whether the C compiler works
configure:3223: gcc    conftest.c  >&5
configure:3227: $? = 0
configure:3275: result: yes
configure:3278: checking for C compiler default output file name
configure:3280: result: a.out
configure:3286: checking for suffix of executables
configure:3293: gcc -o conftest    conftest.c  >&5
configure:3297: $? = 0
configure:3319: result: 
configure:3341: checking whether we are cross compiling
configure:3349: gcc -o conftest    conftest.c  >&5
configure:3353: $? = 0
configure:3360: ./conftest
configure:3364: $? = 0
configure:3379: result: no
configure:3384: checking for suffix of object files
configure:3406: gcc -c   conftest.c >&5
configure:3410: $? = 0
configure:3431: result: o
configure:3435: checking whether we are using the GNU C compiler
configure:3454: gcc -c   conftest.c >&5
configure:3454: $? = 0
configure:3463: result: yes
configure:3472: checking whether gcc accepts -g
configure:3492: gcc -c -g  conftest.c >&5
configure:3492: $? = 0
configure:3533: result: yes
configure:3550: checking for gcc option to accept ISO C89
configure:3613: gcc  -c -g -O2  conftest.c >&5
configure:3613: $? = 0
configure:3626: result: none needed
configure:3651: checking whether gcc understands -c and -o together
configure:3673: gcc -c conftest.c -o conftest2.o
configure:3676: $? = 0
configure:3673: gcc -c conftest.c -o conftest2.o
configure:3676: $? = 0
configure:3688: result: yes
configure:3711: checking how to run the C preprocessor
configure:3742: gcc -E  conftest.c
configure:3742: $? = 0
configure:3756: gcc -E  conftest.c
conftest.c:9:10: fatal error: ac_nonexistent.h: No such file or directory
 #include <ac_nonexistent.h>
          ^~~~~~~~~~~~~~~~~~
compilation terminated.
configure:3756: $? = 1
configure: failed program was:
| /* confdefs.h */
| #define PACKAGE_NAME "Ginga"
| #define PACKAGE_TARNAME "ginga"
| #define PACKAGE_VERSION "UNKNOWN"
| #define PACKAGE_STRING "Ginga UNKNOWN"
| #define PACKAGE_BUGREPORT "bugs@telemidia.puc-rio.br"
| #define PACKAGE_URL "http://github.com/TeleMidia/ginga"
| /* end confdefs.h.  */
| #include <ac_nonexistent.h>
configure:3781: result: gcc -E
configure:3801: gcc -E  conftest.c
configure:3801: $? = 0
configure:3815: gcc -E  conftest.c
conftest.c:9:10: fatal error: ac_nonexistent.h: No such file or directory
 #include <ac_nonexistent.h>
          ^~~~~~~~~~~~~~~~~~
compilation terminated.
configure:3815: $? = 1
configure: failed program was:
| /* confdefs.h */
| #define PACKAGE_NAME "Ginga"
| #define PACKAGE_TARNAME "ginga"
| #define PACKAGE_VERSION "UNKNOWN"
| #define PACKAGE_STRING "Ginga UNKNOWN"
| #define PACKAGE_BUGREPORT "bugs@telemidia.puc-rio.br"
| #define PACKAGE_URL "http://github.com/TeleMidia/ginga"
| /* end confdefs.h.  */
| #include <ac_nonexistent.h>
configure:3844: checking for grep that handles long lines and -e
configure:3902: result: /bin/grep
configure:3907: checking for egrep
configure:3969: result: /bin/grep -E
configure:3974: checking for ANSI C header files
configure:3994: gcc -c -g -O2  conftest.c >&5
configure:3994: $? = 0
configure:4067: gcc -o conftest -g -O2   conftest.c  >&5
configure:4067: $? = 0
configure:4067: ./conftest
configure:4067: $? = 0
configure:4078: result: yes
configure:4091: checking for sys/types.h
configure:4091: gcc -c -g -O2  conftest.c >&5
configure:4091: $? = 0
configure:4091: result: yes
configure:4091: checking for sys/stat.h
configure:4091: gcc -c -g -O2  conftest.c >&5
configure:4091: $? = 0
configure:4091: result: yes
configure:4091: checking for stdlib.h
configure:4091: gcc -c -g -O2  conftest.c >&5
configure:4091: $? = 0
configure:4091: result: yes
configure:4091: checking for string.h
configure:4091: gcc -c -g -O2  conftest.c >&5
configure:4091: $? = 0
configure:4091: result: yes
configure:4091: checking for memory.h
configure:4091: gcc -c -g -O2  conftest.c >&5
configure:4091: $? = 0
configure:4091: result: yes
configure:4091: checking for strings.h
configure:4091: gcc -c -g -O2  conftest.c >&5
configure:4091: $? = 0
configure:4091: result: yes
configure:4091: checking for inttypes.h
configure:4091: gcc -c -g -O2  conftest.c >&5
configure:4091: $? = 0
configure:4091: result: yes
configure:4091: checking for stdint.h
configure:4091: gcc -c -g -O2  conftest.c >&5
configure:4091: $? = 0
configure:4091: result: yes
configure:4091: checking for unistd.h
configure:4091: gcc -c -g -O2  conftest.c >&5
configure:4091: $? = 0
configure:4091: result: yes
configure:4104: checking minix/config.h usability
configure:4104: gcc -c -g -O2  conftest.c >&5
conftest.c:52:10: fatal error: minix/config.h: No such file or directory
 #include <minix/config.h>
          ^~~~~~~~~~~~~~~~
compilation terminated.
configure:4104: $? = 1
configure: failed program was:
| /* confdefs.h */
| #define PACKAGE_NAME "Ginga"
| #define PACKAGE_TARNAME "ginga"
| #define PACKAGE_VERSION "UNKNOWN"
| #define PACKAGE_STRING "Ginga UNKNOWN"
| #define PACKAGE_BUGREPORT "bugs@telemidia.puc-rio.br"
| #define PACKAGE_URL "http://github.com/TeleMidia/ginga"
| #define STDC_HEADERS 1
| #define HAVE_SYS_TYPES_H 1
| #define HAVE_SYS_STAT_H 1
| #define HAVE_STDLIB_H 1
| #define HAVE_STRING_H 1
| #define HAVE_MEMORY_H 1
| #define HAVE_STRINGS_H 1
| #define HAVE_INTTYPES_H 1
| #define HAVE_STDINT_H 1
| #define HAVE_UNISTD_H 1
| /* end confdefs.h.  */
| #include <stdio.h>
| #ifdef HAVE_SYS_TYPES_H
| # include <sys/types.h>
| #endif
| #ifdef HAVE_SYS_STAT_H
| # include <sys/stat.h>
| #endif
| #ifdef STDC_HEADERS
| # include <stdlib.h>
| # include <stddef.h>
| #else
| # ifdef HAVE_STDLIB_H
| #  include <stdlib.h>
| # endif
| #endif
| #ifdef HAVE_STRING_H
| # if !defined STDC_HEADERS && defined HAVE_MEMORY_H
| #  include <memory.h>
| # endif
| # include <string.h>
| #endif
| #ifdef HAVE_STRINGS_H
| # include <strings.h>
| #endif
| #ifdef HAVE_INTTYPES_H
| # include <inttypes.h>
| #endif
| #ifdef HAVE_STDINT_H
| # include <stdint.h>
| #endif
| #ifdef HAVE_UNISTD_H
| # include <unistd.h>
| #endif
| #include <minix/config.h>
configure:4104: result: no
configure:4104: checking minix/config.h presence
configure:4104: gcc -E  conftest.c
conftest.c:19:10: fatal error: minix/config.h: No such file or directory
 #include <minix/config.h>
          ^~~~~~~~~~~~~~~~
compilation terminated.
configure:4104: $? = 1
configure: failed program was:
| /* confdefs.h */
| #define PACKAGE_NAME "Ginga"
| #define PACKAGE_TARNAME "ginga"
| #define PACKAGE_VERSION "UNKNOWN"
| #define PACKAGE_STRING "Ginga UNKNOWN"
| #define PACKAGE_BUGREPORT "bugs@telemidia.puc-rio.br"
| #define PACKAGE_URL "http://github.com/TeleMidia/ginga"
| #define STDC_HEADERS 1
| #define HAVE_SYS_TYPES_H 1
| #define HAVE_SYS_STAT_H 1
| #define HAVE_STDLIB_H 1
| #define HAVE_STRING_H 1
| #define HAVE_MEMORY_H 1
| #define HAVE_STRINGS_H 1
| #define HAVE_INTTYPES_H 1
| #define HAVE_STDINT_H 1
| #define HAVE_UNISTD_H 1
| /* end confdefs.h.  */
| #include <minix/config.h>
configure:4104: result: no
configure:4104: checking for minix/config.h
configure:4104: result: no
configure:4125: checking whether it is safe to define __EXTENSIONS__
configure:4143: gcc -c -g -O2  conftest.c >&5
configure:4143: $? = 0
configure:4150: result: yes
configure:4184: checking for a BSD-compatible install
configure:4252: result: /usr/bin/install -c
configure:4263: checking whether build environment is sane
configure:4318: result: yes
configure:4466: checking for a thread-safe mkdir -p
configure:4505: result: /bin/mkdir -p
configure:4512: checking for gawk
configure:4542: result: no
configure:4512: checking for mawk
configure:4528: found /usr/bin/mawk
configure:4539: result: mawk
configure:4550: checking whether make sets $(MAKE)
configure:4572: result: yes
configure:4594: checking whether make supports the include directive
configure:4609: make -f confmf.GNU && cat confinc.out
this is the am__doit target
configure:4612: $? = 0
configure:4631: result: yes (GNU style)
configure:4664: checking whether make supports nested variables
configure:4681: result: yes
configure:4766: checking dependency style of gcc
configure:4877: result: gcc3
configure:4946: checking whether make supports nested variables
configure:4963: result: yes
configure:5023: checking for ar
configure:5039: found /usr/bin/ar
configure:5050: result: ar
configure:5076: checking the archiver (ar) interface
configure:5092: gcc -c -g -O2  conftest.c >&5
configure:5092: $? = 0
configure:5094: ar cru libconftest.a conftest.o >&5
ar: `u' modifier ignored since `D' is the default (see `U')
configure:5097: $? = 0
configure:5125: result: ar
configure:5175: checking build system type
configure:5189: result: x86_64-pc-linux-gnu
configure:5209: checking host system type
configure:5222: result: x86_64-pc-linux-gnu
configure:5263: checking how to print strings
configure:5290: result: printf
configure:5311: checking for a sed that does not truncate output
configure:5375: result: /bin/sed
configure:5393: checking for fgrep
configure:5455: result: /bin/grep -F
configure:5490: checking for ld used by gcc
configure:5557: result: /usr/bin/ld
configure:5564: checking if the linker (/usr/bin/ld) is GNU ld
configure:5579: result: yes
configure:5591: checking for BSD- or MS-compatible name lister (nm)
configure:5645: result: /usr/bin/nm -B
configure:5775: checking the name lister (/usr/bin/nm -B) interface
configure:5782: gcc -c -g -O2  conftest.c >&5
configure:5785: /usr/bin/nm -B "conftest.o"
configure:5788: output
0000000000000000 B some_variable
configure:5795: result: BSD nm
configure:5798: checking whether ln -s works
configure:5802: result: yes
configure:5810: checking the maximum length of command line arguments
configure:5941: result: 1572864
configure:5989: checking how to convert x86_64-pc-linux-gnu file names to x86_64-pc-linux-gnu format
configure:6029: result: func_convert_file_noop
configure:6036: checking how to convert x86_64-pc-linux-gnu file names to toolchain format
configure:6056: result: func_convert_file_noop
configure:6063: checking for /usr/bin/ld option to reload object files
configure:6070: result: -r
configure:6144: checking for objdump
configure:6160: found /usr/bin/objdump
configure:6171: result: objdump
configure:6200: checking how to recognize dependent libraries
configure:6400: result: pass_all
configure:6485: checking for dlltool
configure:6515: result: no
configure:6542: checking how to associate runtime and link libraries
configure:6569: result: printf %s\n
configure:6693: checking for archiver @FILE support
configure:6710: gcc -c -g -O2  conftest.c >&5
configure:6710: $? = 0
configure:6713: ar cru libconftest.a @conftest.lst >&5
ar: `u' modifier ignored since `D' is the default (see `U')
configure:6716: $? = 0
configure:6721: ar cru libconftest.a @conftest.lst >&5
ar: `u' modifier ignored since `D' is the default (see `U')
ar: conftest.o: No such file or directory
configure:6724: $? = 1
configure:6736: result: @
configure:6794: checking for strip
configure:6810: found /usr/bin/strip
configure:6821: result: strip
configure:6893: checking for ranlib
configure:6909: found /usr/bin/ranlib
configure:6920: result: ranlib
configure:7022: checking command to parse /usr/bin/nm -B output from gcc object
configure:7175: gcc -c -g -O2  conftest.c >&5
configure:7178: $? = 0
configure:7182: /usr/bin/nm -B conftest.o \| sed -n -e 's/^.*[ ]\([ABCDGIRSTW][ABCDGIRSTW]*\)[ ][ ]*\([_A-Za-z][_A-Za-z0-9]*\)$/\1 \2 \2/p' | sed '/ __gnu_lto/d' \> conftest.nm
configure:7185: $? = 0
configure:7251: gcc -o conftest -g -O2   conftest.c conftstm.o >&5
configure:7254: $? = 0
configure:7292: result: ok
configure:7339: checking for sysroot
configure:7369: result: no
configure:7376: checking for a working dd
configure:7414: result: /bin/dd
configure:7418: checking how to truncate binary pipes
configure:7433: result: /bin/dd bs=4096 count=1
configure:7569: gcc -c -g -O2  conftest.c >&5
configure:7572: $? = 0
configure:7762: checking for mt
configure:7778: found /bin/mt
configure:7789: result: mt
configure:7812: checking if mt is a manifest tool
configure:7818: mt '-?'
configure:7826: result: no
configure:8500: checking for dlfcn.h
configure:8500: gcc -c -g -O2  conftest.c >&5
configure:8500: $? = 0
configure:8500: result: yes
configure:9054: checking for objdir
configure:9069: result: .libs
configure:9333: checking if gcc supports -fno-rtti -fno-exceptions
configure:9351: gcc -c -g -O2  -fno-rtti -fno-exceptions conftest.c >&5
cc1: warning: command line option '-fno-rtti' is valid for C++/ObjC++ but not for C
configure:9355: $? = 0
configure:9368: result: no
configure:9726: checking for gcc option to produce PIC
configure:9733: result: -fPIC -DPIC
configure:9741: checking if gcc PIC flag -fPIC -DPIC works
configure:9759: gcc -c -g -O2  -fPIC -DPIC -DPIC conftest.c >&5
configure:9763: $? = 0
configure:9776: result: yes
configure:9805: checking if gcc static flag -static works
configure:9833: result: yes
configure:9848: checking if gcc supports -c -o file.o
configure:9869: gcc -c -g -O2  -o out/conftest2.o conftest.c >&5
configure:9873: $? = 0
configure:9895: result: yes
configure:9903: checking if gcc supports -c -o file.o
configure:9950: result: yes
configure:9983: checking whether the gcc linker (/usr/bin/ld -m elf_x86_64) supports shared libraries
configure:11246: result: yes
configure:11283: checking whether -lc should be explicitly linked in
configure:11291: gcc -c -g -O2  conftest.c >&5
configure:11294: $? = 0
configure:11309: gcc -shared  -fPIC -DPIC conftest.o  -v -Wl,-soname -Wl,conftest -o conftest 2\>\&1 \| /bin/grep  -lc  \>/dev/null 2\>\&1
configure:11312: $? = 0
configure:11326: result: no
configure:11486: checking dynamic linker characteristics
configure:12067: gcc -o conftest -g -O2   -Wl,-rpath -Wl,/foo conftest.c  >&5
configure:12067: $? = 0
configure:12316: result: GNU/Linux ld.so
configure:12438: checking how to hardcode library paths into programs
configure:12463: result: immediate
configure:13011: checking whether stripping libraries is possible
configure:13016: result: yes
configure:13051: checking if libtool supports shared libraries
configure:13053: result: yes
configure:13056: checking whether to build shared libraries
configure:13081: result: yes
configure:13084: checking whether to build static libraries
configure:13088: result: yes
configure:13254: checking for g++
configure:13270: found /usr/bin/g++
configure:13281: result: g++
configure:13308: checking for C++ compiler version
configure:13317: g++ --version >&5
g++ (Ubuntu 8.3.0-6ubuntu1~18.10.1) 8.3.0
Copyright (C) 2018 Free Software Foundation, Inc.
This is free software; see the source for copying conditions.  There is NO
warranty; not even for MERCHANTABILITY or FITNESS FOR A PARTICULAR PURPOSE.

configure:13328: $? = 0
configure:13317: g++ -v >&5
Using built-in specs.
COLLECT_GCC=g++
COLLECT_LTO_WRAPPER=/usr/lib/gcc/x86_64-linux-gnu/8/lto-wrapper
OFFLOAD_TARGET_NAMES=nvptx-none
OFFLOAD_TARGET_DEFAULT=1
Target: x86_64-linux-gnu
Configured with: ../src/configure -v --with-pkgversion='Ubuntu 8.3.0-6ubuntu1~18.10.1' --with-bugurl=file:///usr/share/doc/gcc-8/README.Bugs --enable-languages=c,ada,c++,go,brig,d,fortran,objc,obj-c++ --prefix=/usr --with-gcc-major-version-only --program-suffix=-8 --program-prefix=x86_64-linux-gnu- --enable-shared --enable-linker-build-id --libexecdir=/usr/lib --without-included-gettext --enable-threads=posix --libdir=/usr/lib --enable-nls --enable-bootstrap --enable-clocale=gnu --enable-libstdcxx-debug --enable-libstdcxx-time=yes --with-default-libstdcxx-abi=new --enable-gnu-unique-object --disable-vtable-verify --enable-libmpx --enable-plugin --enable-default-pie --with-system-zlib --with-target-system-zlib --enable-objc-gc=auto --enable-multiarch --disable-werror --with-arch-32=i686 --with-abi=m64 --with-multilib-list=m32,m64,mx32 --enable-multilib --with-tune=generic --enable-offload-targets=nvptx-none --without-cuda-driver --enable-checking=release --build=x86_64-linux-gnu --host=x86_64-linux-gnu --target=x86_64-linux-gnu
Thread model: posix
gcc version 8.3.0 (Ubuntu 8.3.0-6ubuntu1~18.10.1) 
configure:13328: $? = 0
configure:13317: g++ -V >&5
g++: error: unrecognized command line option '-V'
g++: fatal error: no input files
compilation terminated.
configure:13328: $? = 1
configure:13317: g++ -qversion >&5
g++: error: unrecognized command line option '-qversion'; did you mean '--version'?
g++: fatal error: no input files
compilation terminated.
configure:13328: $? = 1
configure:13332: checking whether we are using the GNU C++ compiler
configure:13351: g++ -c   conftest.cpp >&5
configure:13351: $? = 0
configure:13360: result: yes
configure:13369: checking whether g++ accepts -g
configure:13389: g++ -c -g  conftest.cpp >&5
configure:13389: $? = 0
configure:13430: result: yes
configure:13455: checking dependency style of g++
configure:13566: result: gcc3
configure:13599: checking how to run the C++ preprocessor
configure:13626: g++ -E  conftest.cpp
configure:13626: $? = 0
configure:13640: g++ -E  conftest.cpp
conftest.cpp:28:10: fatal error: ac_nonexistent.h: No such file or directory
 #include <ac_nonexistent.h>
          ^~~~~~~~~~~~~~~~~~
compilation terminated.
configure:13640: $? = 1
configure: failed program was:
| /* confdefs.h */
| #define PACKAGE_NAME "Ginga"
| #define PACKAGE_TARNAME "ginga"
| #define PACKAGE_VERSION "UNKNOWN"
| #define PACKAGE_STRING "Ginga UNKNOWN"
| #define PACKAGE_BUGREPORT "bugs@telemidia.puc-rio.br"
| #define PACKAGE_URL "http://github.com/TeleMidia/ginga"
| #define STDC_HEADERS 1
| #define HAVE_SYS_TYPES_H 1
| #define HAVE_SYS_STAT_H 1
| #define HAVE_STDLIB_H 1
| #define HAVE_STRING_H 1
| #define HAVE_MEMORY_H 1
| #define HAVE_STRINGS_H 1
| #define HAVE_INTTYPES_H 1
| #define HAVE_STDINT_H 1
| #define HAVE_UNISTD_H 1
| #define __EXTENSIONS__ 1
| #define _ALL_SOURCE 1
| #define _GNU_SOURCE 1
| #define _POSIX_PTHREAD_SEMANTICS 1
| #define _TANDEM_SOURCE 1
| #define PACKAGE "ginga"
| #define VERSION "UNKNOWN"
| #define HAVE_DLFCN_H 1
| #define LT_OBJDIR ".libs/"
| /* end confdefs.h.  */
| #include <ac_nonexistent.h>
configure:13665: result: g++ -E
configure:13685: g++ -E  conftest.cpp
configure:13685: $? = 0
configure:13699: g++ -E  conftest.cpp
conftest.cpp:28:10: fatal error: ac_nonexistent.h: No such file or directory
 #include <ac_nonexistent.h>
          ^~~~~~~~~~~~~~~~~~
compilation terminated.
configure:13699: $? = 1
configure: failed program was:
| /* confdefs.h */
| #define PACKAGE_NAME "Ginga"
| #define PACKAGE_TARNAME "ginga"
| #define PACKAGE_VERSION "UNKNOWN"
| #define PACKAGE_STRING "Ginga UNKNOWN"
| #define PACKAGE_BUGREPORT "bugs@telemidia.puc-rio.br"
| #define PACKAGE_URL "http://github.com/TeleMidia/ginga"
| #define STDC_HEADERS 1
| #define HAVE_SYS_TYPES_H 1
| #define HAVE_SYS_STAT_H 1
| #define HAVE_STDLIB_H 1
| #define HAVE_STRING_H 1
| #define HAVE_MEMORY_H 1
| #define HAVE_STRINGS_H 1
| #define HAVE_INTTYPES_H 1
| #define HAVE_STDINT_H 1
| #define HAVE_UNISTD_H 1
| #define __EXTENSIONS__ 1
| #define _ALL_SOURCE 1
| #define _GNU_SOURCE 1
| #define _POSIX_PTHREAD_SEMANTICS 1
| #define _TANDEM_SOURCE 1
| #define PACKAGE "ginga"
| #define VERSION "UNKNOWN"
| #define HAVE_DLFCN_H 1
| #define LT_OBJDIR ".libs/"
| /* end confdefs.h.  */
| #include <ac_nonexistent.h>
configure:13861: checking for ld used by g++
configure:13928: result: /usr/bin/ld -m elf_x86_64
configure:13935: checking if the linker (/usr/bin/ld -m elf_x86_64) is GNU ld
configure:13950: result: yes
configure:14005: checking whether the g++ linker (/usr/bin/ld -m elf_x86_64) supports shared libraries
configure:15078: result: yes
configure:15114: g++ -c -g -O2  conftest.cpp >&5
configure:15117: $? = 0
configure:15598: checking for g++ option to produce PIC
configure:15605: result: -fPIC -DPIC
configure:15613: checking if g++ PIC flag -fPIC -DPIC works
configure:15631: g++ -c -g -O2  -fPIC -DPIC -DPIC conftest.cpp >&5
configure:15635: $? = 0
configure:15648: result: yes
configure:15671: checking if g++ static flag -static works
configure:15699: result: yes
configure:15711: checking if g++ supports -c -o file.o
configure:15732: g++ -c -g -O2  -o out/conftest2.o conftest.cpp >&5
configure:15736: $? = 0
configure:15758: result: yes
configure:15763: checking if g++ supports -c -o file.o
configure:15810: result: yes
configure:15840: checking whether the g++ linker (/usr/bin/ld -m elf_x86_64) supports shared libraries
configure:15883: result: yes
configure:16024: checking dynamic linker characteristics
configure:16781: result: GNU/Linux ld.so
configure:16846: checking how to hardcode library paths into programs
configure:16871: result: immediate
configure:16924: checking whether g++ supports C++11 features by default
configure:16981: g++ -c -g -O2  conftest.cpp >&5
configure:16981: $? = 0
configure:16988: result: yes
configure:17157: checking for pkg-config
configure:17175: found /usr/bin/pkg-config
configure:17187: result: /usr/bin/pkg-config
configure:17212: checking pkg-config is at least version 0.9.0
configure:17215: result: yes
configure:17241: checking for perl5.005 or newer
configure:17265: result: yes
configure:17286: checking for m4
configure:17302: found /usr/bin/m4
configure:17313: result: m4
configure:17344: checking what extension is used for runtime loadable modules
configure:17356: result: .so
configure:17383: checking for native Win32
configure:17392: result: no
configure:18281: checking whether C compiler handles -Werror -Wunknown-warning-option
configure:18300: gcc -o conftest -g -O2  -Werror -Wunknown-warning-option   conftest.c  >&5
gcc: error: unrecognized command line option '-Wunknown-warning-option'
configure:18300: $? = 1
configure: failed program was:
| /* confdefs.h */
| #define PACKAGE_NAME "Ginga"
| #define PACKAGE_TARNAME "ginga"
| #define PACKAGE_VERSION "UNKNOWN"
| #define PACKAGE_STRING "Ginga UNKNOWN"
| #define PACKAGE_BUGREPORT "bugs@telemidia.puc-rio.br"
| #define PACKAGE_URL "http://github.com/TeleMidia/ginga"
| #define STDC_HEADERS 1
| #define HAVE_SYS_TYPES_H 1
| #define HAVE_SYS_STAT_H 1
| #define HAVE_STDLIB_H 1
| #define HAVE_STRING_H 1
| #define HAVE_MEMORY_H 1
| #define HAVE_STRINGS_H 1
| #define HAVE_INTTYPES_H 1
| #define HAVE_STDINT_H 1
| #define HAVE_UNISTD_H 1
| #define __EXTENSIONS__ 1
| #define _ALL_SOURCE 1
| #define _GNU_SOURCE 1
| #define _POSIX_PTHREAD_SEMANTICS 1
| #define _TANDEM_SOURCE 1
| #define PACKAGE "ginga"
| #define VERSION "UNKNOWN"
| #define HAVE_DLFCN_H 1
| #define LT_OBJDIR ".libs/"
| #define LT_MODULE_EXT ".so"
| /* end confdefs.h.  */
| 
| int
| main ()
| {
| 
|   ;
|   return 0;
| }
configure:18310: result: no
configure:18902: checking for CAIRO
configure:18909: $PKG_CONFIG --exists --print-errors "cairo >= 1.10.2"
configure:18912: $? = 0
configure:18926: $PKG_CONFIG --exists --print-errors "cairo >= 1.10.2"
configure:18929: $? = 0
configure:18987: result: yes
configure:19008: checking if we can build a program using CAIRO
configure:19041: gcc -c -g -O2 -I/usr/include/cairo -I/usr/include/glib-2.0 -I/usr/lib/x86_64-linux-gnu/glib-2.0/include -I/usr/include/pixman-1 -I/usr/include/uuid -I/usr/include/freetype2 -I/usr/include/libpng16  -I/usr/include/cairo -I/usr/include/glib-2.0 -I/usr/lib/x86_64-linux-gnu/glib-2.0/include -I/usr/include/pixman-1 -I/usr/include/uuid -I/usr/include/freetype2 -I/usr/include/libpng16 conftest.c >&5
configure:19041: $? = 0
configure:19059: result: yes
configure:19069: checking if we can link a program to CAIRO
configure:19094: gcc -o conftest -g -O2   -I/usr/include/cairo -I/usr/include/glib-2.0 -I/usr/lib/x86_64-linux-gnu/glib-2.0/include -I/usr/include/pixman-1 -I/usr/include/uuid -I/usr/include/freetype2 -I/usr/include/libpng16  conftest.c  -lcairo >&5
conftest.c: In function 'main':
conftest.c:36:1: warning: implicit declaration of function 'cairo_create' [-Wimplicit-function-declaration]
 cairo_create (0);
 ^~~~~~~~~~~~
configure:19094: $? = 0
configure:19113: result: yes
configure:19138: checking for GLIB
configure:19145: $PKG_CONFIG --exists --print-errors "glib-2.0 >= 2.32.4"
configure:19148: $? = 0
configure:19162: $PKG_CONFIG --exists --print-errors "glib-2.0 >= 2.32.4"
configure:19165: $? = 0
configure:19223: result: yes
configure:19244: checking if we can build a program using GLIB
configure:19277: gcc -c -g -O2 -I/usr/include/glib-2.0 -I/usr/lib/x86_64-linux-gnu/glib-2.0/include  -I/usr/include/glib-2.0 -I/usr/lib/x86_64-linux-gnu/glib-2.0/include conftest.c >&5
configure:19277: $? = 0
configure:19295: result: yes
configure:19305: checking if we can link a program to GLIB
configure:19330: gcc -o conftest -g -O2   -I/usr/include/glib-2.0 -I/usr/lib/x86_64-linux-gnu/glib-2.0/include  conftest.c  -lglib-2.0 >&5
conftest.c: In function 'main':
conftest.c:39:1: warning: implicit declaration of function 'glib_check_version' [-Wimplicit-function-declaration]
 glib_check_version (0, 0, 0);
 ^~~~~~~~~~~~~~~~~~
configure:19330: $? = 0
configure:19349: result: yes
configure:19374: checking for GSTREAMER
configure:19384: $PKG_CONFIG --exists --print-errors "gstreamer-1.0 >= 1.2.0
  gstreamer-video-1.0 >= 1.2.0
  gstreamer-audio-1.0 >= 1.2.0
  gstreamer-app-1.0 >= 1.2.0"
configure:19390: $? = 0
configure:19410: $PKG_CONFIG --exists --print-errors "gstreamer-1.0 >= 1.2.0
  gstreamer-video-1.0 >= 1.2.0
  gstreamer-audio-1.0 >= 1.2.0
  gstreamer-app-1.0 >= 1.2.0"
configure:19416: $? = 0
configure:19486: result: yes
configure:19516: checking if we can build a program using GSTREAMER
configure:19549: gcc -c -g -O2 -pthread -I/usr/include/gstreamer-1.0 -I/usr/include/orc-0.4 -I/usr/include/gstreamer-1.0 -I/usr/include/glib-2.0 -I/usr/lib/x86_64-linux-gnu/glib-2.0/include  -pthread -I/usr/include/gstreamer-1.0 -I/usr/include/orc-0.4 -I/usr/include/gstreamer-1.0 -I/usr/include/glib-2.0 -I/usr/lib/x86_64-linux-gnu/glib-2.0/include conftest.c >&5
configure:19549: $? = 0
configure:19567: result: yes
configure:19577: checking if we can link a program to GSTREAMER
configure:19605: gcc -o conftest -g -O2   -pthread -I/usr/include/gstreamer-1.0 -I/usr/include/orc-0.4 -I/usr/include/gstreamer-1.0 -I/usr/include/glib-2.0 -I/usr/lib/x86_64-linux-gnu/glib-2.0/include  conftest.c  -lgstvideo-1.0 -lgstaudio-1.0 -lgstapp-1.0 -lgstbase-1.0 -lgstreamer-1.0 -lgobject-2.0 -lglib-2.0 >&5
conftest.c: In function 'main':
conftest.c:43:1: warning: implicit declaration of function 'gst_init' [-Wimplicit-function-declaration]
 gst_init (0, 0);
 ^~~~~~~~
conftest.c:44:1: warning: implicit declaration of function 'gst_video_info_from_caps' [-Wimplicit-function-declaration]
 gst_video_info_from_caps (0, 0);
 ^~~~~~~~~~~~~~~~~~~~~~~~
configure:19605: $? = 0
configure:19624: result: yes
configure:19640: checking for GTK
configure:19647: $PKG_CONFIG --exists --print-errors "gtk+-3.0 >= 3.4.2"
configure:19650: $? = 0
configure:19664: $PKG_CONFIG --exists --print-errors "gtk+-3.0 >= 3.4.2"
configure:19667: $? = 0
configure:19725: result: yes
configure:19754: checking for LIBXML
configure:19761: $PKG_CONFIG --exists --print-errors "libxml-2.0 >= 2.9"
configure:19764: $? = 0
configure:19778: $PKG_CONFIG --exists --print-errors "libxml-2.0 >= 2.9"
configure:19781: $? = 0
configure:19839: result: yes
configure:19868: checking for PANGO
configure:19876: $PKG_CONFIG --exists --print-errors "pango >= 1.30.0
  pangocairo >= 1.30.0"
configure:19880: $? = 0
configure:19896: $PKG_CONFIG --exists --print-errors "pango >= 1.30.0
  pangocairo >= 1.30.0"
configure:19900: $? = 0
configure:19962: result: yes
configure:20023: checking for SOUP
configure:20030: $PKG_CONFIG --exists --print-errors "libsoup-2.4 >= 2.42"
configure:20033: $? = 0
configure:20047: $PKG_CONFIG --exists --print-errors "libsoup-2.4 >= 2.42"
configure:20050: $? = 0
configure:20088: result: yes
configure:20096: checking if we can build a program using SOUP
configure:20129: gcc -c -g -O2 -pthread -I/usr/include/libsoup-2.4 -I/usr/include/libxml2 -I/usr/include/glib-2.0 -I/usr/lib/x86_64-linux-gnu/glib-2.0/include  -pthread -I/usr/include/libsoup-2.4 -I/usr/include/libxml2 -I/usr/include/glib-2.0 -I/usr/lib/x86_64-linux-gnu/glib-2.0/include conftest.c >&5
configure:20129: $? = 0
configure:20147: result: yes
configure:20154: checking if we can link a program to SOUP
configure:20179: gcc -o conftest -g -O2   -pthread -I/usr/include/libsoup-2.4 -I/usr/include/libxml2 -I/usr/include/glib-2.0 -I/usr/lib/x86_64-linux-gnu/glib-2.0/include  conftest.c  -lsoup-2.4 -lgio-2.0 -lgobject-2.0 -lglib-2.0 >&5
conftest.c: In function 'main':
conftest.c:42:1: warning: implicit declaration of function 'soup_session_new_with_options' [-Wimplicit-function-declaration]
 soup_session_new_with_options (0, 0, 0);
 ^~~~~~~~~~~~~~~~~~~~~~~~~~~~~
configure:20179: $? = 0
configure:20198: result: yes
configure:20220: checking whether to build with gingagui GTK support
configure:20222: result: yes
configure:20372: checking for LIBRSVG
configure:20379: $PKG_CONFIG --exists --print-errors "librsvg-2.0 >= 2.40.0"
configure:20382: $? = 0
configure:20396: $PKG_CONFIG --exists --print-errors "librsvg-2.0 >= 2.40.0"
configure:20399: $? = 0
configure:20437: result: yes
configure:20462: checking whether to build with LibRsvg support
configure:20464: result: yes
configure:20583: checking for cos in -lm
configure:20608: g++ -o conftest -g -O2   conftest.cpp -lm   >&5
conftest.cpp:48:6: warning: declaration of 'char cos()' conflicts with built-in declaration 'double cos(double)' [-Wbuiltin-declaration-mismatch]
 char cos ();
      ^~~
configure:20608: $? = 0
configure:20617: result: yes
configure:20678: $PKG_CONFIG --exists --print-errors "lua >= $au_lua_min_version"
Package lua was not found in the pkg-config search path.
Perhaps you should add the directory containing `lua.pc'
to the PKG_CONFIG_PATH environment variable
No package 'lua' found
configure:20681: $? = 1
configure:20691: $PKG_CONFIG --exists --print-errors "${au_lua_prefix}${au_lua_min} >= $au_lua_min_version"
configure:20694: $? = 0
configure:20715: checking for LUA
configure:20722: $PKG_CONFIG --exists --print-errors "$au_lua_pc >= $au_lua_min_version"
configure:20725: $? = 0
configure:20739: $PKG_CONFIG --exists --print-errors "$au_lua_pc >= $au_lua_min_version"
configure:20742: $? = 0
configure:20780: result: yes
configure:20788: checking if we can build a program using LUA
configure:20818: gcc -c -g -O2 -I/usr/include/lua5.3  -I/usr/include/lua5.3 conftest.c >&5
configure:20818: $? = 0
configure:20836: result: yes
configure:20843: checking if we can link a program to LUA
configure:20868: gcc -o conftest -g -O2   -I/usr/include/lua5.3  conftest.c  -llua5.3 >&5
conftest.c: In function 'main':
conftest.c:46:1: warning: implicit declaration of function 'lua_pushnil' [-Wimplicit-function-declaration]
 lua_pushnil (0);
 ^~~~~~~~~~~
configure:20868: $? = 0
configure:20887: result: yes
configure:20972: checking the exact version of the lua we're using
configure:21006: gcc -o conftest -g -O2 -I/usr/include/lua5.3  -I/usr/include/lua5.3  conftest.c  -llua5.3 >&5
configure:21006: $? = 0
configure:21006: ./conftest
configure:21006: $? = 1
configure: program exited with status 1
configure: failed program was:
| /* confdefs.h */
| #define PACKAGE_NAME "Ginga"
| #define PACKAGE_TARNAME "ginga"
| #define PACKAGE_VERSION "UNKNOWN"
| #define PACKAGE_STRING "Ginga UNKNOWN"
| #define PACKAGE_BUGREPORT "bugs@telemidia.puc-rio.br"
| #define PACKAGE_URL "http://github.com/TeleMidia/ginga"
| #define STDC_HEADERS 1
| #define HAVE_SYS_TYPES_H 1
| #define HAVE_SYS_STAT_H 1
| #define HAVE_STDLIB_H 1
| #define HAVE_STRING_H 1
| #define HAVE_MEMORY_H 1
| #define HAVE_STRINGS_H 1
| #define HAVE_INTTYPES_H 1
| #define HAVE_STDINT_H 1
| #define HAVE_UNISTD_H 1
| #define __EXTENSIONS__ 1
| #define _ALL_SOURCE 1
| #define _GNU_SOURCE 1
| #define _POSIX_PTHREAD_SEMANTICS 1
| #define _TANDEM_SOURCE 1
| #define PACKAGE "ginga"
| #define VERSION "UNKNOWN"
| #define HAVE_DLFCN_H 1
| #define LT_OBJDIR ".libs/"
| #define LT_MODULE_EXT ".so"
| #define CAIRO_REQUIRED_MAJOR 1
| #define CAIRO_REQUIRED_MINOR 10
| #define CAIRO_REQUIRED_MICRO 2
| #define GLIB_REQUIRED_MAJOR 2
| #define GLIB_REQUIRED_MINOR 32
| #define GLIB_REQUIRED_MICRO 4
| #define GSTREAMER_REQUIRED_MAJOR 1
| #define GSTREAMER_REQUIRED_MINOR 2
| #define GSTREAMER_REQUIRED_MICRO 0
| #define WITH_SOUP 1
| #define WITH_CEF 0
| #define WITH_LIBRSVG 1
| #define LUA_REQUIRED_VERSION 502
| /* end confdefs.h.  */
| 
| #include <lua.h>
| 
| int
| main ()
| {
| return !(((int) *lua_version (0)) == 501);
|   ;
|   return 0;
| }
configure:21028: gcc -o conftest -g -O2 -I/usr/include/lua5.3  -I/usr/include/lua5.3  conftest.c  -llua5.3 >&5
configure:21028: $? = 0
configure:21028: ./conftest
configure:21028: $? = 1
configure: program exited with status 1
configure: failed program was:
| /* confdefs.h */
| #define PACKAGE_NAME "Ginga"
| #define PACKAGE_TARNAME "ginga"
| #define PACKAGE_VERSION "UNKNOWN"
| #define PACKAGE_STRING "Ginga UNKNOWN"
| #define PACKAGE_BUGREPORT "bugs@telemidia.puc-rio.br"
| #define PACKAGE_URL "http://github.com/TeleMidia/ginga"
| #define STDC_HEADERS 1
| #define HAVE_SYS_TYPES_H 1
| #define HAVE_SYS_STAT_H 1
| #define HAVE_STDLIB_H 1
| #define HAVE_STRING_H 1
| #define HAVE_MEMORY_H 1
| #define HAVE_STRINGS_H 1
| #define HAVE_INTTYPES_H 1
| #define HAVE_STDINT_H 1
| #define HAVE_UNISTD_H 1
| #define __EXTENSIONS__ 1
| #define _ALL_SOURCE 1
| #define _GNU_SOURCE 1
| #define _POSIX_PTHREAD_SEMANTICS 1
| #define _TANDEM_SOURCE 1
| #define PACKAGE "ginga"
| #define VERSION "UNKNOWN"
| #define HAVE_DLFCN_H 1
| #define LT_OBJDIR ".libs/"
| #define LT_MODULE_EXT ".so"
| #define CAIRO_REQUIRED_MAJOR 1
| #define CAIRO_REQUIRED_MINOR 10
| #define CAIRO_REQUIRED_MICRO 2
| #define GLIB_REQUIRED_MAJOR 2
| #define GLIB_REQUIRED_MINOR 32
| #define GLIB_REQUIRED_MICRO 4
| #define GSTREAMER_REQUIRED_MAJOR 1
| #define GSTREAMER_REQUIRED_MINOR 2
| #define GSTREAMER_REQUIRED_MICRO 0
| #define WITH_SOUP 1
| #define WITH_CEF 0
| #define WITH_LIBRSVG 1
| #define LUA_REQUIRED_VERSION 502
| /* end confdefs.h.  */
| 
| #include <lua.h>
| 
| int
| main ()
| {
| return !(((int) *lua_version (0)) == 502);
|   ;
|   return 0;
| }
configure:21050: gcc -o conftest -g -O2 -I/usr/include/lua5.3  -I/usr/include/lua5.3  conftest.c  -llua5.3 >&5
configure:21050: $? = 0
configure:21050: ./conftest
configure:21050: $? = 0
configure:21080: result: 5.3
configure:21152: checking for NCLUA
configure:21159: $PKG_CONFIG --exists --print-errors "nclua >= 1.0"
Requested 'nclua >= 1.0' but version of nclua is UNKNOWN
configure:21162: $? = 1
configure:21176: $PKG_CONFIG --exists --print-errors "nclua >= 1.0"
Requested 'nclua >= 1.0' but version of nclua is UNKNOWN
configure:21179: $? = 1
configure:21193: result: no
Requested 'nclua >= 1.0' but version of nclua is UNKNOWN
configure:21242: checking whether to build with NCLua support
configure:21244: result: no
configure:21293: checking for OPENGL
configure:21301: $PKG_CONFIG --exists --print-errors "gl >= 17.0
  sdl2"
Package sdl2 was not found in the pkg-config search path.
Perhaps you should add the directory containing `sdl2.pc'
to the PKG_CONFIG_PATH environment variable
No package 'sdl2' found
configure:21305: $? = 1
configure:21321: $PKG_CONFIG --exists --print-errors "gl >= 17.0
  sdl2"
Package sdl2 was not found in the pkg-config search path.
Perhaps you should add the directory containing `sdl2.pc'
to the PKG_CONFIG_PATH environment variable
No package 'sdl2' found
configure:21325: $? = 1
configure:21340: result: no
No package 'sdl2' found
configure:21392: checking whether to build with OpenGL support
configure:21394: result: no
configure:21575: checking that generated files are newer than configure
configure:21581: result: done
configure:21688: creating ./config.status

## ---------------------- ##
## Running config.status. ##
## ---------------------- ##

This file was extended by Ginga config.status UNKNOWN, which was
generated by GNU Autoconf 2.69.  Invocation command line was

  CONFIG_FILES    = 
  CONFIG_HEADERS  = 
  CONFIG_LINKS    = 
  CONFIG_COMMANDS = 
  $ ./config.status 

on marina-pc

config.status:1302: creating Makefile
config.status:1302: creating lib/Makefile
config.status:1302: creating lib/ginga.pc
config.status:1302: creating src/Makefile
config.status:1302: creating src-gui/Makefile
config.status:1302: creating src-gui/icons/Makefile
config.status:1302: creating src-gui/style/Makefile
config.status:1302: creating tests-ncl/Makefile
config.status:1302: creating tests/Makefile
config.status:1302: creating lib/config.h
config.status:1531: executing depfiles commands
config.status:1608: cd lib       && sed -e '/# am--include-marker/d' Makefile         | make -f - am--depfiles
config.status:1613: $? = 0
config.status:1608: cd src       && sed -e '/# am--include-marker/d' Makefile         | make -f - am--depfiles
config.status:1613: $? = 0
config.status:1608: cd src-gui       && sed -e '/# am--include-marker/d' Makefile         | make -f - am--depfiles
config.status:1613: $? = 0
config.status:1608: cd tests       && sed -e '/# am--include-marker/d' Makefile         | make -f - am--depfiles
config.status:1613: $? = 0
config.status:1531: executing libtool commands
configure:24128: summary of main build options:
  version:        UNKNOWN
  host:           x86_64-pc-linux-gnu
  install prefix: /usr/local
  compiler:       g++
  cxxflags:       -g -O2
  ldflags:        
  warning flags:   
  valgrind:       

  build html player:     no	(requires: cef)
  build nclua player:    no	(requires: nclua >= 1.0)
  build svg player:      yes
  build ncl-ltab parser: yes

  Optional executables:
  ginga-gui (gtk):    yes
  ginga-gl:           no	(requires: gl >= 17.0
  sdl2)


## ---------------- ##
## Cache variables. ##
## ---------------- ##

ac_cv_build=x86_64-pc-linux-gnu
ac_cv_c_compiler_gnu=yes
ac_cv_cxx_compiler_gnu=yes
ac_cv_env_CAIRO_CFLAGS_set=
ac_cv_env_CAIRO_CFLAGS_value=
ac_cv_env_CAIRO_LIBS_set=
ac_cv_env_CAIRO_LIBS_value=
ac_cv_env_CCC_set=
ac_cv_env_CCC_value=
ac_cv_env_CC_set=
ac_cv_env_CC_value=
ac_cv_env_CFLAGS_set=
ac_cv_env_CFLAGS_value=
ac_cv_env_CPPFLAGS_set=
ac_cv_env_CPPFLAGS_value=
ac_cv_env_CPP_set=
ac_cv_env_CPP_value=
ac_cv_env_CXXCPP_set=
ac_cv_env_CXXCPP_value=
ac_cv_env_CXXFLAGS_set=
ac_cv_env_CXXFLAGS_value=
ac_cv_env_CXX_set=
ac_cv_env_CXX_value=
ac_cv_env_GLIB_CFLAGS_set=
ac_cv_env_GLIB_CFLAGS_value=
ac_cv_env_GLIB_LIBS_set=
ac_cv_env_GLIB_LIBS_value=
ac_cv_env_GSTREAMER_CFLAGS_set=
ac_cv_env_GSTREAMER_CFLAGS_value=
ac_cv_env_GSTREAMER_LIBS_set=
ac_cv_env_GSTREAMER_LIBS_value=
ac_cv_env_GTK_CFLAGS_set=
ac_cv_env_GTK_CFLAGS_value=
ac_cv_env_GTK_LIBS_set=
ac_cv_env_GTK_LIBS_value=
ac_cv_env_LDFLAGS_set=
ac_cv_env_LDFLAGS_value=
ac_cv_env_LIBRSVG_CFLAGS_set=
ac_cv_env_LIBRSVG_CFLAGS_value=
ac_cv_env_LIBRSVG_LIBS_set=
ac_cv_env_LIBRSVG_LIBS_value=
ac_cv_env_LIBS_set=
ac_cv_env_LIBS_value=
ac_cv_env_LIBXML_CFLAGS_set=
ac_cv_env_LIBXML_CFLAGS_value=
ac_cv_env_LIBXML_LIBS_set=
ac_cv_env_LIBXML_LIBS_value=
ac_cv_env_LT_SYS_LIBRARY_PATH_set=
ac_cv_env_LT_SYS_LIBRARY_PATH_value=
ac_cv_env_LUA_CFLAGS_set=
ac_cv_env_LUA_CFLAGS_value=
ac_cv_env_LUA_LIBS_set=
ac_cv_env_LUA_LIBS_value=
ac_cv_env_NCLUA_CFLAGS_set=
ac_cv_env_NCLUA_CFLAGS_value=
ac_cv_env_NCLUA_LIBS_set=
ac_cv_env_NCLUA_LIBS_value=
ac_cv_env_OPENGL_CFLAGS_set=
ac_cv_env_OPENGL_CFLAGS_value=
ac_cv_env_OPENGL_LIBS_set=
ac_cv_env_OPENGL_LIBS_value=
ac_cv_env_PANGO_CFLAGS_set=
ac_cv_env_PANGO_CFLAGS_value=
ac_cv_env_PANGO_LIBS_set=
ac_cv_env_PANGO_LIBS_value=
ac_cv_env_PKG_CONFIG_LIBDIR_set=
ac_cv_env_PKG_CONFIG_LIBDIR_value=
ac_cv_env_PKG_CONFIG_PATH_set=
ac_cv_env_PKG_CONFIG_PATH_value=
ac_cv_env_PKG_CONFIG_set=
ac_cv_env_PKG_CONFIG_value=
ac_cv_env_SOUP_CFLAGS_set=
ac_cv_env_SOUP_CFLAGS_value=
ac_cv_env_SOUP_LIBS_set=
ac_cv_env_SOUP_LIBS_value=
ac_cv_env_build_alias_set=
ac_cv_env_build_alias_value=
ac_cv_env_host_alias_set=
ac_cv_env_host_alias_value=
ac_cv_env_target_alias_set=
ac_cv_env_target_alias_value=
ac_cv_header_dlfcn_h=yes
ac_cv_header_inttypes_h=yes
ac_cv_header_memory_h=yes
ac_cv_header_minix_config_h=no
ac_cv_header_stdc=yes
ac_cv_header_stdint_h=yes
ac_cv_header_stdlib_h=yes
ac_cv_header_string_h=yes
ac_cv_header_strings_h=yes
ac_cv_header_sys_stat_h=yes
ac_cv_header_sys_types_h=yes
ac_cv_header_unistd_h=yes
ac_cv_host=x86_64-pc-linux-gnu
ac_cv_lib_m_cos=yes
ac_cv_objext=o
ac_cv_path_EGREP='/bin/grep -E'
ac_cv_path_FGREP='/bin/grep -F'
ac_cv_path_GREP=/bin/grep
ac_cv_path_SED=/bin/sed
ac_cv_path_ac_pt_PKG_CONFIG=/usr/bin/pkg-config
ac_cv_path_install='/usr/bin/install -c'
ac_cv_path_lt_DD=/bin/dd
ac_cv_path_mkdir=/bin/mkdir
ac_cv_prog_AWK=mawk
ac_cv_prog_CPP='gcc -E'
ac_cv_prog_CXXCPP='g++ -E'
ac_cv_prog_M4=m4
ac_cv_prog_ac_ct_AR=ar
ac_cv_prog_ac_ct_CC=gcc
ac_cv_prog_ac_ct_CXX=g++
ac_cv_prog_ac_ct_MANIFEST_TOOL=mt
ac_cv_prog_ac_ct_OBJDUMP=objdump
ac_cv_prog_ac_ct_RANLIB=ranlib
ac_cv_prog_ac_ct_STRIP=strip
ac_cv_prog_cc_c89=
ac_cv_prog_cc_g=yes
ac_cv_prog_cxx_g=yes
ac_cv_prog_make_make_set=yes
ac_cv_safe_to_define___extensions__=yes
am_cv_CC_dependencies_compiler_type=gcc3
am_cv_CXX_dependencies_compiler_type=gcc3
am_cv_ar_interface=ar
am_cv_make_support_nested_variables=yes
am_cv_prog_cc_c_o=yes
ax_cv_cxx_compile_cxx11=yes
gl_cv_warn_c__Werror__Wunknown_warning_option=no
libltdl_cv_shlibext=.so
libltdl_cv_shrext=.so
lt_cv_ar_at_file=@
lt_cv_archive_cmds_need_lc=no
lt_cv_deplibs_check_method=pass_all
lt_cv_file_magic_cmd='$MAGIC_CMD'
lt_cv_file_magic_test_file=
lt_cv_ld_reload_flag=-r
lt_cv_nm_interface='BSD nm'
lt_cv_objdir=.libs
lt_cv_path_LD=/usr/bin/ld
lt_cv_path_LDCXX='/usr/bin/ld -m elf_x86_64'
lt_cv_path_NM='/usr/bin/nm -B'
lt_cv_path_mainfest_tool=no
lt_cv_prog_compiler_c_o=yes
lt_cv_prog_compiler_c_o_CXX=yes
lt_cv_prog_compiler_pic='-fPIC -DPIC'
lt_cv_prog_compiler_pic_CXX='-fPIC -DPIC'
lt_cv_prog_compiler_pic_works=yes
lt_cv_prog_compiler_pic_works_CXX=yes
lt_cv_prog_compiler_rtti_exceptions=no
lt_cv_prog_compiler_static_works=yes
lt_cv_prog_compiler_static_works_CXX=yes
lt_cv_prog_gnu_ld=yes
lt_cv_prog_gnu_ldcxx=yes
lt_cv_sharedlib_from_linklib_cmd='printf %s\n'
lt_cv_shlibpath_overrides_runpath=yes
lt_cv_sys_global_symbol_pipe='sed -n -e '\''s/^.*[	 ]\([ABCDGIRSTW][ABCDGIRSTW]*\)[	 ][	 ]*\([_A-Za-z][_A-Za-z0-9]*\)$/\1 \2 \2/p'\'' | sed '\''/ __gnu_lto/d'\'''
lt_cv_sys_global_symbol_to_c_name_address='sed -n -e '\''s/^: \(.*\) .*$/  {"\1", (void *) 0},/p'\'' -e '\''s/^[ABCDGIRSTW][ABCDGIRSTW]* .* \(.*\)$/  {"\1", (void *) \&\1},/p'\'''
lt_cv_sys_global_symbol_to_c_name_address_lib_prefix='sed -n -e '\''s/^: \(.*\) .*$/  {"\1", (void *) 0},/p'\'' -e '\''s/^[ABCDGIRSTW][ABCDGIRSTW]* .* \(lib.*\)$/  {"\1", (void *) \&\1},/p'\'' -e '\''s/^[ABCDGIRSTW][ABCDGIRSTW]* .* \(.*\)$/  {"lib\1", (void *) \&\1},/p'\'''
lt_cv_sys_global_symbol_to_cdecl='sed -n -e '\''s/^T .* \(.*\)$/extern int \1();/p'\'' -e '\''s/^[ABCDGIRSTW][ABCDGIRSTW]* .* \(.*\)$/extern char \1;/p'\'''
lt_cv_sys_global_symbol_to_import=
lt_cv_sys_max_cmd_len=1572864
lt_cv_to_host_file_cmd=func_convert_file_noop
lt_cv_to_tool_file_cmd=func_convert_file_noop
lt_cv_truncate_bin='/bin/dd bs=4096 count=1'
pkg_cv_CAIRO_CFLAGS='-I/usr/include/cairo -I/usr/include/glib-2.0 -I/usr/lib/x86_64-linux-gnu/glib-2.0/include -I/usr/include/pixman-1 -I/usr/include/uuid -I/usr/include/freetype2 -I/usr/include/libpng16'
pkg_cv_CAIRO_LIBS=-lcairo
pkg_cv_GLIB_CFLAGS='-I/usr/include/glib-2.0 -I/usr/lib/x86_64-linux-gnu/glib-2.0/include'
pkg_cv_GLIB_LIBS=-lglib-2.0
pkg_cv_GSTREAMER_CFLAGS='-pthread -I/usr/include/gstreamer-1.0 -I/usr/include/orc-0.4 -I/usr/include/gstreamer-1.0 -I/usr/include/glib-2.0 -I/usr/lib/x86_64-linux-gnu/glib-2.0/include'
pkg_cv_GSTREAMER_LIBS='-lgstvideo-1.0 -lgstaudio-1.0 -lgstapp-1.0 -lgstbase-1.0 -lgstreamer-1.0 -lgobject-2.0 -lglib-2.0'
pkg_cv_GTK_CFLAGS='-pthread -I/usr/include/gtk-3.0 -I/usr/include/at-spi2-atk/2.0 -I/usr/include/at-spi-2.0 -I/usr/include/dbus-1.0 -I/usr/lib/x86_64-linux-gnu/dbus-1.0/include -I/usr/include/gtk-3.0 -I/usr/include/gio-unix-2.0/ -I/usr/include/cairo -I/usr/include/libdrm -I/usr/include/pango-1.0 -I/usr/include/harfbuzz -I/usr/include/pango-1.0 -I/usr/include/fribidi -I/usr/include/atk-1.0 -I/usr/include/cairo -I/usr/include/pixman-1 -I/usr/include/uuid -I/usr/include/freetype2 -I/usr/include/libpng16 -I/usr/include/gdk-pixbuf-2.0 -I/usr/include/glib-2.0 -I/usr/lib/x86_64-linux-gnu/glib-2.0/include'
pkg_cv_GTK_LIBS='-lgtk-3 -lgdk-3 -lpangocairo-1.0 -lpango-1.0 -latk-1.0 -lcairo-gobject -lcairo -lgdk_pixbuf-2.0 -lgio-2.0 -lgobject-2.0 -lglib-2.0'
pkg_cv_LIBRSVG_CFLAGS='-pthread -I/usr/include/librsvg-2.0 -I/usr/include/gdk-pixbuf-2.0 -I/usr/include/cairo -I/usr/include/glib-2.0 -I/usr/lib/x86_64-linux-gnu/glib-2.0/include -I/usr/include/pixman-1 -I/usr/include/uuid -I/usr/include/freetype2 -I/usr/include/libpng16'
pkg_cv_LIBRSVG_LIBS='-lrsvg-2 -lm -lgio-2.0 -lgdk_pixbuf-2.0 -lgobject-2.0 -lglib-2.0 -lcairo'
pkg_cv_LIBXML_CFLAGS=-I/usr/include/libxml2
pkg_cv_LIBXML_LIBS=-lxml2
pkg_cv_LUA_CFLAGS=-I/usr/include/lua5.3
pkg_cv_LUA_LIBS=-llua5.3
pkg_cv_PANGO_CFLAGS='-I/usr/include/pango-1.0 -I/usr/include/harfbuzz -I/usr/include/pango-1.0 -I/usr/include/fribidi -I/usr/include/cairo -I/usr/include/glib-2.0 -I/usr/lib/x86_64-linux-gnu/glib-2.0/include -I/usr/include/pixman-1 -I/usr/include/uuid -I/usr/include/freetype2 -I/usr/include/libpng16'
pkg_cv_PANGO_LIBS='-lpangocairo-1.0 -lpango-1.0 -lgobject-2.0 -lglib-2.0 -lcairo'
pkg_cv_SOUP_CFLAGS='-pthread -I/usr/include/libsoup-2.4 -I/usr/include/libxml2 -I/usr/include/glib-2.0 -I/usr/lib/x86_64-linux-gnu/glib-2.0/include'
pkg_cv_SOUP_LIBS='-lsoup-2.4 -lgio-2.0 -lgobject-2.0 -lglib-2.0'

## ----------------- ##
## Output variables. ##
## ----------------- ##

ACLOCAL='${SHELL} /home/marina/Documentos/git/mulsemediaformatter/build-aux/missing aclocal-1.16'
AMDEPBACKSLASH='\'
AMDEP_FALSE='#'
AMDEP_TRUE=''
AMTAR='$${TAR-tar}'
AM_BACKSLASH='\'
AM_DEFAULT_V='$(AM_DEFAULT_VERBOSITY)'
AM_DEFAULT_VERBOSITY='0'
AM_V='$(V)'
AR='ar'
AS='as'
AUTOCONF='${SHELL} /home/marina/Documentos/git/mulsemediaformatter/build-aux/missing autoconf'
AUTOHEADER='${SHELL} /home/marina/Documentos/git/mulsemediaformatter/build-aux/missing autoheader'
AUTOMAKE='${SHELL} /home/marina/Documentos/git/mulsemediaformatter/build-aux/missing automake-1.16'
AWK='mawk'
CAIRO_CFLAGS='-I/usr/include/cairo -I/usr/include/glib-2.0 -I/usr/lib/x86_64-linux-gnu/glib-2.0/include -I/usr/include/pixman-1 -I/usr/include/uuid -I/usr/include/freetype2 -I/usr/include/libpng16'
CAIRO_LIBS='-lcairo'
CAIRO_REQUIRED_VERSION='1.10.2'
CC='gcc'
CCDEPMODE='depmode=gcc3'
CEF_CFLAGS=''
CEF_LIBS=''
CEF_REQUIRED_VERSION='3.0'
CFLAGS='-g -O2'
CPP='gcc -E'
CPPFLAGS=''
CXX='g++'
CXXCPP='g++ -E'
CXXDEPMODE='depmode=gcc3'
CXXFLAGS='-g -O2'
CYGPATH_W='echo'
DEFS='-DHAVE_CONFIG_H'
DEPDIR='.deps'
DLLTOOL='false'
DSYMUTIL=''
DUMPBIN=''
ECHO_C=''
ECHO_N='-n'
ECHO_T=''
EGREP='/bin/grep -E'
ENABLE_COVERAGE_FALSE=''
ENABLE_COVERAGE_TRUE='#'
ENABLE_DEBUG_FALSE=''
ENABLE_DEBUG_TRUE='#'
ENABLE_VALGRIND_FALSE=''
ENABLE_VALGRIND_TRUE='#'
ENABLE_WARNINGS_FALSE=''
ENABLE_WARNINGS_TRUE='#'
EXEEXT=''
FGREP='/bin/grep -F'
GENHTML=''
GINGA_ALL_CXXFLAGS='    -I/usr/include/cairo -I/usr/include/glib-2.0 -I/usr/lib/x86_64-linux-gnu/glib-2.0/include -I/usr/include/pixman-1 -I/usr/include/uuid -I/usr/include/freetype2 -I/usr/include/libpng16  -I/usr/include/glib-2.0 -I/usr/lib/x86_64-linux-gnu/glib-2.0/include -pthread -I/usr/include/gstreamer-1.0 -I/usr/include/orc-0.4 -I/usr/include/gstreamer-1.0 -I/usr/include/glib-2.0 -I/usr/lib/x86_64-linux-gnu/glib-2.0/include -pthread -I/usr/include/gtk-3.0 -I/usr/include/at-spi2-atk/2.0 -I/usr/include/at-spi-2.0 -I/usr/include/dbus-1.0 -I/usr/lib/x86_64-linux-gnu/dbus-1.0/include -I/usr/include/gtk-3.0 -I/usr/include/gio-unix-2.0/ -I/usr/include/cairo -I/usr/include/libdrm -I/usr/include/pango-1.0 -I/usr/include/harfbuzz -I/usr/include/pango-1.0 -I/usr/include/fribidi -I/usr/include/atk-1.0 -I/usr/include/cairo -I/usr/include/pixman-1 -I/usr/include/uuid -I/usr/include/freetype2 -I/usr/include/libpng16 -I/usr/include/gdk-pixbuf-2.0 -I/usr/include/glib-2.0 -I/usr/lib/x86_64-linux-gnu/glib-2.0/include -pthread -I/usr/include/librsvg-2.0 -I/usr/include/gdk-pixbuf-2.0 -I/usr/include/cairo -I/usr/include/glib-2.0 -I/usr/lib/x86_64-linux-gnu/glib-2.0/include -I/usr/include/pixman-1 -I/usr/include/uuid -I/usr/include/freetype2 -I/usr/include/libpng16 -I/usr/include/libxml2 -I/usr/include/lua5.3   -I/usr/include/pango-1.0 -I/usr/include/harfbuzz -I/usr/include/pango-1.0 -I/usr/include/fribidi -I/usr/include/cairo -I/usr/include/glib-2.0 -I/usr/lib/x86_64-linux-gnu/glib-2.0/include -I/usr/include/pixman-1 -I/usr/include/uuid -I/usr/include/freetype2 -I/usr/include/libpng16 -pthread -I/usr/include/libsoup-2.4 -I/usr/include/libxml2 -I/usr/include/glib-2.0 -I/usr/lib/x86_64-linux-gnu/glib-2.0/include'
GINGA_ALL_LDFLAGS=' -lcairo  -lglib-2.0 -lgstvideo-1.0 -lgstaudio-1.0 -lgstapp-1.0 -lgstbase-1.0 -lgstreamer-1.0 -lgobject-2.0 -lglib-2.0 -lgtk-3 -lgdk-3 -lpangocairo-1.0 -lpango-1.0 -latk-1.0 -lcairo-gobject -lcairo -lgdk_pixbuf-2.0 -lgio-2.0 -lgobject-2.0 -lglib-2.0 -lrsvg-2 -lm -lgio-2.0 -lgdk_pixbuf-2.0 -lgobject-2.0 -lglib-2.0 -lcairo -lxml2 -llua5.3 -export-dynamic   -lpangocairo-1.0 -lpango-1.0 -lgobject-2.0 -lglib-2.0 -lcairo -lsoup-2.4 -lgio-2.0 -lgobject-2.0 -lglib-2.0'
GINGA_LIBTOOL_AGE='0'
GINGA_LIBTOOL_CURRENT='0'
GINGA_LIBTOOL_CURRENT_MINUS_AGE='0'
GINGA_LIBTOOL_REVISION='0'
GINGA_LIBTOOL_STRING='0:0:0'
GINGA_VERSION_MAJOR='0'
GINGA_VERSION_MICRO='0'
GINGA_VERSION_MINOR='0'
GINGA_VERSION_STRING='UNKNOWN'
GLIB_CFLAGS='-I/usr/include/glib-2.0 -I/usr/lib/x86_64-linux-gnu/glib-2.0/include'
GLIB_LIBS='-lglib-2.0'
GLIB_REQUIRED_VERSION='2.32.4'
GREP='/bin/grep'
GSTREAMER_CFLAGS='-pthread -I/usr/include/gstreamer-1.0 -I/usr/include/orc-0.4 -I/usr/include/gstreamer-1.0 -I/usr/include/glib-2.0 -I/usr/lib/x86_64-linux-gnu/glib-2.0/include'
GSTREAMER_LIBS='-lgstvideo-1.0 -lgstaudio-1.0 -lgstapp-1.0 -lgstbase-1.0 -lgstreamer-1.0 -lgobject-2.0 -lglib-2.0'
GSTREAMER_REQUIRED_VERSION='1.2.0'
GTK_CFLAGS='-pthread -I/usr/include/gtk-3.0 -I/usr/include/at-spi2-atk/2.0 -I/usr/include/at-spi-2.0 -I/usr/include/dbus-1.0 -I/usr/lib/x86_64-linux-gnu/dbus-1.0/include -I/usr/include/gtk-3.0 -I/usr/include/gio-unix-2.0/ -I/usr/include/cairo -I/usr/include/libdrm -I/usr/include/pango-1.0 -I/usr/include/harfbuzz -I/usr/include/pango-1.0 -I/usr/include/fribidi -I/usr/include/atk-1.0 -I/usr/include/cairo -I/usr/include/pixman-1 -I/usr/include/uuid -I/usr/include/freetype2 -I/usr/include/libpng16 -I/usr/include/gdk-pixbuf-2.0 -I/usr/include/glib-2.0 -I/usr/lib/x86_64-linux-gnu/glib-2.0/include'
GTK_LIBS='-lgtk-3 -lgdk-3 -lpangocairo-1.0 -lpango-1.0 -latk-1.0 -lcairo-gobject -lcairo -lgdk_pixbuf-2.0 -lgio-2.0 -lgobject-2.0 -lglib-2.0'
GTK_REQUIRED_VERSION='3.4.2'
HAVE_CXX11=''
HAVE_M4_FALSE='#'
HAVE_M4_TRUE=''
HAVE_MS_LIB_FALSE=''
HAVE_MS_LIB_TRUE='#'
HAVE_PERL_FALSE='#'
HAVE_PERL_TRUE=''
INSTALL_DATA='${INSTALL} -m 644'
INSTALL_PROGRAM='${INSTALL}'
INSTALL_SCRIPT='${INSTALL}'
INSTALL_STRIP_PROGRAM='$(install_sh) -c -s'
LCOV=''
LD='/usr/bin/ld -m elf_x86_64'
LDFLAGS=''
LIBM='-lm'
LIBOBJS=''
LIBRSVG_CFLAGS='-pthread -I/usr/include/librsvg-2.0 -I/usr/include/gdk-pixbuf-2.0 -I/usr/include/cairo -I/usr/include/glib-2.0 -I/usr/lib/x86_64-linux-gnu/glib-2.0/include -I/usr/include/pixman-1 -I/usr/include/uuid -I/usr/include/freetype2 -I/usr/include/libpng16'
LIBRSVG_LIBS='-lrsvg-2 -lm -lgio-2.0 -lgdk_pixbuf-2.0 -lgobject-2.0 -lglib-2.0 -lcairo'
LIBRSVG_REQUIRED_VERSION='2.40.0'
LIBS=''
LIBTOOL='$(SHELL) $(top_builddir)/libtool'
LIBXML_CFLAGS='-I/usr/include/libxml2'
LIBXML_LIBS='-lxml2'
LIBXML_REQUIRED_VERSION='2.9'
LIB_EXE_MACHINE_FLAG=''
LIPO=''
LN_S='ln -s'
LTLIBOBJS=''
LT_MODULE_LDFLAGS='-shared -avoid-version'
LT_SYS_LIBRARY_PATH=''
LUA_CFLAGS='-I/usr/include/lua5.3'
LUA_LIBS='-llua5.3 -export-dynamic'
LUA_REQUIRED_VERSION='3.0'
LUA_VERSION='5.3'
M4='m4'
MAKEINFO='${SHELL} /home/marina/Documentos/git/mulsemediaformatter/build-aux/missing makeinfo'
MANIFEST_TOOL=':'
MINGW_ROOT=''
MKDIR_P='/bin/mkdir -p'
NCLUA_CFLAGS=''
NCLUA_LIBS=''
NCLUA_REQUIRED_VERSION='1.0'
NM='/usr/bin/nm -B'
NMEDIT=''
OBJDUMP='objdump'
OBJEXT='o'
OPENGL_CFLAGS=''
OPENGL_LIBS=''
OPENGL_REQUIRED_VERSION='17.0'
OS_WIN32_FALSE=''
OS_WIN32_TRUE='#'
OS_WIN32_X64_FALSE=''
OS_WIN32_X64_TRUE='#'
OTOOL64=''
OTOOL=''
PACKAGE='ginga'
PACKAGE_BUGREPORT='bugs@telemidia.puc-rio.br'
PACKAGE_NAME='Ginga'
PACKAGE_STRING='Ginga UNKNOWN'
PACKAGE_TARNAME='ginga'
PACKAGE_URL='http://github.com/TeleMidia/ginga'
PACKAGE_VERSION='UNKNOWN'
PANGO_CFLAGS='-I/usr/include/pango-1.0 -I/usr/include/harfbuzz -I/usr/include/pango-1.0 -I/usr/include/fribidi -I/usr/include/cairo -I/usr/include/glib-2.0 -I/usr/lib/x86_64-linux-gnu/glib-2.0/include -I/usr/include/pixman-1 -I/usr/include/uuid -I/usr/include/freetype2 -I/usr/include/libpng16'
PANGO_LIBS='-lpangocairo-1.0 -lpango-1.0 -lgobject-2.0 -lglib-2.0 -lcairo'
PANGO_REQUIRED_VERSION='1.30.0'
PATH_SEPARATOR=':'
PERL='perl'
PKG_CONFIG='/usr/bin/pkg-config'
PKG_CONFIG_LIBDIR=''
PKG_CONFIG_PATH=''
RANLIB='ranlib'
SED='/bin/sed'
SET_MAKE=''
SHELL='/bin/bash'
SHTOOL=''
SOEXT='.so'
SOUP_CFLAGS='-pthread -I/usr/include/libsoup-2.4 -I/usr/include/libxml2 -I/usr/include/glib-2.0 -I/usr/lib/x86_64-linux-gnu/glib-2.0/include'
SOUP_LIBS='-lsoup-2.4 -lgio-2.0 -lgobject-2.0 -lglib-2.0'
SOUP_REQUIRED_VERSION='2.42'
STRIP='strip'
VALGRIND=''
VERSION='UNKNOWN'
WARN_CFLAGS=''
WERROR_CFLAGS=''
WINDRES=''
WITH_CEF_FALSE=''
WITH_CEF_TRUE='#'
WITH_LIBRSVG_FALSE='#'
WITH_LIBRSVG_TRUE=''
WITH_LUA_FALSE='#'
WITH_LUA_TRUE=''
WITH_NCLUA_FALSE=''
WITH_NCLUA_TRUE='#'
WITH_OPENGL_FALSE=''
WITH_OPENGL_TRUE='#'
WITH_SOUP_FALSE='#'
WITH_SOUP_TRUE=''
ac_ct_AR='ar'
ac_ct_CC='gcc'
ac_ct_CXX='g++'
ac_ct_DUMPBIN=''
am__EXEEXT_FALSE=''
am__EXEEXT_TRUE='#'
am__fastdepCC_FALSE='#'
am__fastdepCC_TRUE=''
am__fastdepCXX_FALSE='#'
am__fastdepCXX_TRUE=''
am__include='include'
am__isrc=''
am__leading_dot='.'
am__nodep='_no'
am__quote=''
am__tar='$${TAR-tar} chof - "$$tardir"'
am__untar='$${TAR-tar} xf -'
bindir='${exec_prefix}/bin'
build='x86_64-pc-linux-gnu'
build_alias=''
build_cpu='x86_64'
build_os='linux-gnu'
build_vendor='pc'
cef_dir=''
datadir='${datarootdir}'
datarootdir='${prefix}/share'
docdir='${datarootdir}/doc/${PACKAGE_TARNAME}'
dvidir='${docdir}'
exec_prefix='${prefix}'
gingadatadir='${datarootdir}/ginga'
gingasysconfdir='${prefix}/etc/ginga'
host='x86_64-pc-linux-gnu'
host_alias=''
host_cpu='x86_64'
host_os='linux-gnu'
host_vendor='pc'
htmldir='${docdir}'
includedir='${prefix}/include'
infodir='${datarootdir}/info'
install_sh='${SHELL} /home/marina/Documentos/git/mulsemediaformatter/build-aux/install-sh'
libdir='${exec_prefix}/lib'
libexecdir='${exec_prefix}/libexec'
localedir='${datarootdir}/locale'
localstatedir='${prefix}/var'
luadatadir='${datadir}/lua/5.3'
lualibdir='${libdir}/lua/5.3'
mandir='${datarootdir}/man'
mkdir_p='$(MKDIR_P)'
ms_lib=''
oldincludedir='/usr/include'
pdfdir='${docdir}'
prefix='/usr/local'
program_transform_name='s,x,x,'
psdir='${docdir}'
runstatedir='${localstatedir}/run'
sbindir='${exec_prefix}/sbin'
sharedstatedir='${prefix}/com'
sysconfdir='${prefix}/etc'
target_alias=''

## ----------- ##
## confdefs.h. ##
## ----------- ##

/* confdefs.h */
#define PACKAGE_NAME "Ginga"
#define PACKAGE_TARNAME "ginga"
#define PACKAGE_VERSION "UNKNOWN"
#define PACKAGE_STRING "Ginga UNKNOWN"
#define PACKAGE_BUGREPORT "bugs@telemidia.puc-rio.br"
#define PACKAGE_URL "http://github.com/TeleMidia/ginga"
#define STDC_HEADERS 1
#define HAVE_SYS_TYPES_H 1
#define HAVE_SYS_STAT_H 1
#define HAVE_STDLIB_H 1
#define HAVE_STRING_H 1
#define HAVE_MEMORY_H 1
#define HAVE_STRINGS_H 1
#define HAVE_INTTYPES_H 1
#define HAVE_STDINT_H 1
#define HAVE_UNISTD_H 1
#define __EXTENSIONS__ 1
#define _ALL_SOURCE 1
#define _GNU_SOURCE 1
#define _POSIX_PTHREAD_SEMANTICS 1
#define _TANDEM_SOURCE 1
#define PACKAGE "ginga"
#define VERSION "UNKNOWN"
#define HAVE_DLFCN_H 1
#define LT_OBJDIR ".libs/"
#define LT_MODULE_EXT ".so"
#define CAIRO_REQUIRED_MAJOR 1
#define CAIRO_REQUIRED_MINOR 10
#define CAIRO_REQUIRED_MICRO 2
#define GLIB_REQUIRED_MAJOR 2
#define GLIB_REQUIRED_MINOR 32
#define GLIB_REQUIRED_MICRO 4
#define GSTREAMER_REQUIRED_MAJOR 1
#define GSTREAMER_REQUIRED_MINOR 2
#define GSTREAMER_REQUIRED_MICRO 0
#define WITH_SOUP 1
#define WITH_CEF 0
#define WITH_LIBRSVG 1
#define LUA_REQUIRED_VERSION 502
#define LUA_COMPAT_APIINTCASTS 1
#define WITH_LUA 1

configure: exit 0
